#
# There is insufficient memory for the Java Runtime Environment to continue.
# Native memory allocation (malloc) failed to allocate 436480 bytes for Chunk::new
# Possible reasons:
#   The system is out of physical RAM or swap space
#   In 32 bit mode, the process size limit was hit
# Possible solutions:
#   Reduce memory load on the system
#   Increase physical memory or swap space
#   Check if swap backing store is full
#   Use 64 bit Java on a 64 bit OS
#   Decrease Java heap size (-Xmx/-Xms)
#   Decrease number of Java threads
#   Decrease Java thread stack sizes (-Xss)
#   Set larger code cache with -XX:ReservedCodeCacheSize=
# This output file may be truncated or incomplete.
#
#  Out of Memory Error (allocation.cpp:390), pid=9208, tid=0x0000000000000ad4
#
# JRE version: OpenJDK Runtime Environment (8.0_76-b03) (build 1.8.0_76-release-b03)
# Java VM: OpenJDK 64-Bit Server VM (25.76-b03 mixed mode windows-amd64 compressed oops)
# Failed to write core dump. Minidumps are not enabled by default on client versions of Windows
#

---------------  T H R E A D  ---------------

Current thread (0x0000000055269000):  JavaThread "C2 CompilerThread0" daemon [_thread_in_native, id=2772, stack(0x0000000056df0000,0x0000000056ef0000)]

Stack: [0x0000000056df0000,0x0000000056ef0000]
[error occurred during error reporting (printing stack bounds), id 0xc0000005]

Native frames: (J=compiled Java code, j=interpreted, Vv=VM code, C=native code)


Current CompileTask:
C2:  82167 3472   !   4       java.net.URLClassLoader$1::run (63 bytes)


---------------  P R O C E S S  ---------------

Java Threads: ( => current thread )
  0x000000005c457800 JavaThread "Stdin handler" [_thread_blocked, id=2892, stack(0x0000000059800000,0x0000000059900000)]
  0x000000005d3e0800 JavaThread "Asynchronous log dispatcher for DefaultDaemonConnection: socket connection from /127.0.0.1:62386 to /127.0.0.1:62410" [_thread_blocked, id=2480, stack(0x000000005a9f0000,0x000000005aaf0000)]
  0x000000005bc17000 JavaThread "Cancel handler" [_thread_blocked, id=6848, stack(0x000000005a5d0000,0x000000005a6d0000)]
  0x000000005c405800 JavaThread "Handler for socket connection from /127.0.0.1:62386 to /127.0.0.1:62410" [_thread_in_native, id=6948, stack(0x0000000059c10000,0x0000000059d10000)]
  0x000000005831c000 JavaThread "File lock request listener" [_thread_in_native, id=9524, stack(0x000000005a080000,0x000000005a180000)]
  0x00000000576c9800 JavaThread "Daemon worker" [_thread_in_native, id=9440, stack(0x0000000059af0000,0x0000000059bf0000)]
  0x000000005797a800 JavaThread "Daemon" [_thread_blocked, id=9600, stack(0x0000000059550000,0x0000000059650000)]
  0x0000000056604800 JavaThread "pool-1-thread-1" [_thread_blocked, id=508, stack(0x0000000059440000,0x0000000059540000)]
  0x0000000058333800 JavaThread "Incoming local TCP Connector on port 62386" [_thread_in_native, id=10184, stack(0x0000000057cd0000,0x0000000057dd0000)]
  0x00000000565bd800 JavaThread "Service Thread" daemon [_thread_blocked, id=7648, stack(0x0000000057190000,0x0000000057290000)]
  0x000000005654c800 JavaThread "C1 CompilerThread2" daemon [_thread_blocked, id=10192, stack(0x0000000056cf0000,0x0000000056df0000)]
  0x000000005654a800 JavaThread "C2 CompilerThread1" daemon [_thread_in_native, id=3364, stack(0x0000000056f80000,0x0000000057080000)]
=>0x0000000055269000 JavaThread "C2 CompilerThread0" daemon [_thread_in_native, id=2772, stack(0x0000000056df0000,0x0000000056ef0000)]
  0x0000000055267800 JavaThread "Attach Listener" daemon [_thread_blocked, id=9820, stack(0x0000000056980000,0x0000000056a80000)]
  0x0000000055265800 JavaThread "Signal Dispatcher" daemon [_thread_blocked, id=9684, stack(0x0000000056b00000,0x0000000056c00000)]
  0x0000000055249000 JavaThread "Finalizer" daemon [_thread_blocked, id=1352, stack(0x0000000056330000,0x0000000056430000)]
  0x0000000055201800 JavaThread "Reference Handler" daemon [_thread_blocked, id=4904, stack(0x0000000056440000,0x0000000056540000)]
  0x00000000023ef000 JavaThread "main" [_thread_blocked, id=7160, stack(0x0000000002690000,0x0000000002790000)]

Other Threads:
  0x00000000551fa000 VMThread [stack: 0x00000000561a0000,0x00000000562a0000] [id=9736]
  0x000000005657d800 WatcherThread [stack: 0x0000000057390000,0x0000000057490000] [id=1492]

VM state:not at safepoint (normal execution)

VM Mutex/Monitor currently owned by a thread: None

Heap:
 PSYoungGen      total 138240K, used 35466K [0x00000000eab00000, 0x00000000fa900000, 0x0000000100000000)
  eden space 127488K, 27% used [0x00000000eab00000,0x00000000ecda2ac8,0x00000000f2780000)
  from space 10752K, 0% used [0x00000000f2780000,0x00000000f2780000,0x00000000f3200000)
  to   space 13824K, 0% used [0x00000000f9b80000,0x00000000f9b80000,0x00000000fa900000)
 ParOldGen       total 47104K, used 19649K [0x00000000c0000000, 0x00000000c2e00000, 0x00000000eab00000)
  object space 47104K, 41% used [0x00000000c0000000,0x00000000c13307d8,0x00000000c2e00000)
 Metaspace       used 35147K, capacity 35880K, committed 36184K, reserved 1081344K
  class space    used 4724K, capacity 4942K, committed 4952K, reserved 1048576K

Card table byte_map: [0x0000000011e20000,0x0000000012030000] byte_map_base: 0x0000000011820000

Marking Bits: (ParMarkBitMap*) 0x000000005b3b9d00
 Begin Bits: [0x0000000012670000, 0x0000000013670000)
 End Bits:   [0x0000000013670000, 0x0000000014670000)

Polling page: 0x0000000000140000

CodeCache: size=245760Kb used=13604Kb max_used=13604Kb free=232155Kb
 bounds [0x0000000002a60000, 0x00000000037c0000, 0x0000000011a60000]
 total_blobs=4325 nmethods=3615 adapters=622
 compilation: enabled

Compilation events (10 events):
Event: 81.968 Thread 0x000000005654c800 3893       2       com.google.common.collect.LinkedHashMultimap::access$200 (6 bytes)
Event: 81.969 Thread 0x000000005654c800 nmethod 3893 0x00000000037b3d10 code [0x00000000037b3e80, 0x00000000037b4018]
Event: 81.969 Thread 0x000000005654c800 3894       2       com.google.common.collect.LinkedHashMultimap::succeedsInValueSet (15 bytes)
Event: 81.969 Thread 0x000000005654c800 nmethod 3894 0x00000000037b4110 code [0x00000000037b4280, 0x00000000037b4418]
Event: 81.969 Thread 0x000000005654c800 3895       1       com.google.common.collect.LinkedHashMultimap$ValueEntry::getPredecessorInMultimap (5 bytes)
Event: 81.969 Thread 0x000000005654c800 nmethod 3895 0x00000000037b44d0 code [0x00000000037b4620, 0x00000000037b4730]
Event: 81.969 Thread 0x000000005654c800 3896       2       org.objectweb.asm.ClassWriter::b (70 bytes)
Event: 81.970 Thread 0x000000005654c800 nmethod 3896 0x00000000037b4790 code [0x00000000037b4940, 0x00000000037b4c38]
Event: 81.971 Thread 0x000000005654c800 3897       2       org.apache.commons.collections.map.AbstractHashedMap::hashIndex (6 bytes)
Event: 81.971 Thread 0x000000005654c800 nmethod 3897 0x00000000037b4e10 code [0x00000000037b4f60, 0x00000000037b50b0]

GC Heap History (10 events):
Event: 19.387 GC heap before
{Heap before GC invocations=5 (full 0):
 PSYoungGen      total 68096K, used 26117K [0x00000000eab00000, 0x00000000ef000000, 0x0000000100000000)
  eden space 65536K, 35% used [0x00000000eab00000,0x00000000ec2055d0,0x00000000eeb00000)
  from space 2560K, 99% used [0x00000000eed80000,0x00000000eeffc010,0x00000000ef000000)
  to   space 2560K, 0% used [0x00000000eeb00000,0x00000000eeb00000,0x00000000eed80000)
 ParOldGen       total 44032K, used 8364K [0x00000000c0000000, 0x00000000c2b00000, 0x00000000eab00000)
  object space 44032K, 18% used [0x00000000c0000000,0x00000000c082b1d8,0x00000000c2b00000)
 Metaspace       used 20765K, capacity 21122K, committed 21248K, reserved 1067008K
  class space    used 2802K, capacity 2946K, committed 3072K, reserved 1048576K
Event: 19.450 GC heap after
Heap after GC invocations=5 (full 0):
 PSYoungGen      total 68096K, used 2544K [0x00000000eab00000, 0x00000000f3e00000, 0x0000000100000000)
  eden space 65536K, 0% used [0x00000000eab00000,0x00000000eab00000,0x00000000eeb00000)
  from space 2560K, 99% used [0x00000000eeb00000,0x00000000eed7c010,0x00000000eed80000)
  to   space 9728K, 0% used [0x00000000f3480000,0x00000000f3480000,0x00000000f3e00000)
 ParOldGen       total 44032K, used 13310K [0x00000000c0000000, 0x00000000c2b00000, 0x00000000eab00000)
  object space 44032K, 30% used [0x00000000c0000000,0x00000000c0cff930,0x00000000c2b00000)
 Metaspace       used 20765K, capacity 21122K, committed 21248K, reserved 1067008K
  class space    used 2802K, capacity 2946K, committed 3072K, reserved 1048576K
}
Event: 19.450 GC heap before
{Heap before GC invocations=6 (full 1):
 PSYoungGen      total 68096K, used 2544K [0x00000000eab00000, 0x00000000f3e00000, 0x0000000100000000)
  eden space 65536K, 0% used [0x00000000eab00000,0x00000000eab00000,0x00000000eeb00000)
  from space 2560K, 99% used [0x00000000eeb00000,0x00000000eed7c010,0x00000000eed80000)
  to   space 9728K, 0% used [0x00000000f3480000,0x00000000f3480000,0x00000000f3e00000)
 ParOldGen       total 44032K, used 13310K [0x00000000c0000000, 0x00000000c2b00000, 0x00000000eab00000)
  object space 44032K, 30% used [0x00000000c0000000,0x00000000c0cff930,0x00000000c2b00000)
 Metaspace       used 20765K, capacity 21122K, committed 21248K, reserved 1067008K
  class space    used 2802K, capacity 2946K, committed 3072K, reserved 1048576K
Event: 19.589 GC heap after
Heap after GC invocations=6 (full 1):
 PSYoungGen      total 68096K, used 0K [0x00000000eab00000, 0x00000000f3e00000, 0x0000000100000000)
  eden space 65536K, 0% used [0x00000000eab00000,0x00000000eab00000,0x00000000eeb00000)
  from space 2560K, 0% used [0x00000000eeb00000,0x00000000eeb00000,0x00000000eed80000)
  to   space 9728K, 0% used [0x00000000f3480000,0x00000000f3480000,0x00000000f3e00000)
 ParOldGen       total 37376K, used 12436K [0x00000000c0000000, 0x00000000c2480000, 0x00000000eab00000)
  object space 37376K, 33% used [0x00000000c0000000,0x00000000c0c251c0,0x00000000c2480000)
 Metaspace       used 20765K, capacity 21122K, committed 21248K, reserved 1067008K
  class space    used 2802K, capacity 2946K, committed 3072K, reserved 1048576K
}
Event: 71.055 GC heap before
{Heap before GC invocations=7 (full 1):
 PSYoungGen      total 68096K, used 65536K [0x00000000eab00000, 0x00000000f3e00000, 0x0000000100000000)
  eden space 65536K, 100% used [0x00000000eab00000,0x00000000eeb00000,0x00000000eeb00000)
  from space 2560K, 0% used [0x00000000eeb00000,0x00000000eeb00000,0x00000000eed80000)
  to   space 9728K, 0% used [0x00000000f3480000,0x00000000f3480000,0x00000000f3e00000)
 ParOldGen       total 37376K, used 12436K [0x00000000c0000000, 0x00000000c2480000, 0x00000000eab00000)
  object space 37376K, 33% used [0x00000000c0000000,0x00000000c0c251c0,0x00000000c2480000)
 Metaspace       used 25741K, capacity 26390K, committed 26624K, reserved 1073152K
  class space    used 3514K, capacity 3717K, committed 3840K, reserved 1048576K
Event: 71.215 GC heap after
Heap after GC invocations=7 (full 1):
 PSYoungGen      total 132608K, used 8090K [0x00000000eab00000, 0x00000000f3c80000, 0x0000000100000000)
  eden space 124416K, 0% used [0x00000000eab00000,0x00000000eab00000,0x00000000f2480000)
  from space 8192K, 98% used [0x00000000f3480000,0x00000000f3c668e8,0x00000000f3c80000)
  to   space 10752K, 0% used [0x00000000f2780000,0x00000000f2780000,0x00000000f3200000)
 ParOldGen       total 37376K, used 12436K [0x00000000c0000000, 0x00000000c2480000, 0x00000000eab00000)
  object space 37376K, 33% used [0x00000000c0000000,0x00000000c0c251c0,0x00000000c2480000)
 Metaspace       used 25741K, capacity 26390K, committed 26624K, reserved 1073152K
  class space    used 3514K, capacity 3717K, committed 3840K, reserved 1048576K
}
Event: 80.431 GC heap before
{Heap before GC invocations=8 (full 1):
 PSYoungGen      total 132608K, used 124009K [0x00000000eab00000, 0x00000000f3c80000, 0x0000000100000000)
  eden space 124416K, 93% used [0x00000000eab00000,0x00000000f1c33d40,0x00000000f2480000)
  from space 8192K, 98% used [0x00000000f3480000,0x00000000f3c668e8,0x00000000f3c80000)
  to   space 10752K, 0% used [0x00000000f2780000,0x00000000f2780000,0x00000000f3200000)
 ParOldGen       total 37376K, used 12436K [0x00000000c0000000, 0x00000000c2480000, 0x00000000eab00000)
  object space 37376K, 33% used [0x00000000c0000000,0x00000000c0c251c0,0x00000000c2480000)
 Metaspace       used 34508K, capacity 35246K, committed 35416K, reserved 1079296K
  class space    used 4658K, capacity 4880K, committed 4952K, reserved 1048576K
Event: 80.480 GC heap after
Heap after GC invocations=8 (full 1):
 PSYoungGen      total 138240K, used 10729K [0x00000000eab00000, 0x00000000fa900000, 0x0000000100000000)
  eden space 127488K, 0% used [0x00000000eab00000,0x00000000eab00000,0x00000000f2780000)
  from space 10752K, 99% used [0x00000000f2780000,0x00000000f31fa5a0,0x00000000f3200000)
  to   space 13824K, 0% used [0x00000000f9b80000,0x00000000f9b80000,0x00000000fa900000)
 ParOldGen       total 37376K, used 15493K [0x00000000c0000000, 0x00000000c2480000, 0x00000000eab00000)
  object space 37376K, 41% used [0x00000000c0000000,0x00000000c0f214b8,0x00000000c2480000)
 Metaspace       used 34508K, capacity 35246K, committed 35416K, reserved 1079296K
  class space    used 4658K, capacity 4880K, committed 4952K, reserved 1048576K
}
Event: 80.481 GC heap before
{Heap before GC invocations=9 (full 2):
 PSYoungGen      total 138240K, used 10729K [0x00000000eab00000, 0x00000000fa900000, 0x0000000100000000)
  eden space 127488K, 0% used [0x00000000eab00000,0x00000000eab00000,0x00000000f2780000)
  from space 10752K, 99% used [0x00000000f2780000,0x00000000f31fa5a0,0x00000000f3200000)
  to   space 13824K, 0% used [0x00000000f9b80000,0x00000000f9b80000,0x00000000fa900000)
 ParOldGen       total 37376K, used 15493K [0x00000000c0000000, 0x00000000c2480000, 0x00000000eab00000)
  object space 37376K, 41% used [0x00000000c0000000,0x00000000c0f214b8,0x00000000c2480000)
 Metaspace       used 34508K, capacity 35246K, committed 35416K, reserved 1079296K
  class space    used 4658K, capacity 4880K, committed 4952K, reserved 1048576K
Event: 81.026 GC heap after
Heap after GC invocations=9 (full 2):
 PSYoungGen      total 138240K, used 0K [0x00000000eab00000, 0x00000000fa900000, 0x0000000100000000)
  eden space 127488K, 0% used [0x00000000eab00000,0x00000000eab00000,0x00000000f2780000)
  from space 10752K, 0% used [0x00000000f2780000,0x00000000f2780000,0x00000000f3200000)
  to   space 13824K, 0% used [0x00000000f9b80000,0x00000000f9b80000,0x00000000fa900000)
 ParOldGen       total 47104K, used 19649K [0x00000000c0000000, 0x00000000c2e00000, 0x00000000eab00000)
  object space 47104K, 41% used [0x00000000c0000000,0x00000000c13307d8,0x00000000c2e00000)
 Metaspace       used 34504K, capacity 35240K, committed 35416K, reserved 1079296K
  class space    used 4657K, capacity 4878K, committed 4952K, reserved 1048576K
}

Deoptimization events (10 events):
Event: 78.555 Thread 0x00000000576c9800 Uncommon trap: reason=class_check action=maybe_recompile pc=0x0000000002b983d8 method=java.lang.ref.ReferenceQueue.reallyPoll()Ljava/lang/ref/Reference; @ 52
Event: 78.555 Thread 0x00000000576c9800 Uncommon trap: reason=class_check action=maybe_recompile pc=0x0000000002b983d8 method=java.lang.ref.ReferenceQueue.reallyPoll()Ljava/lang/ref/Reference; @ 52
Event: 79.197 Thread 0x00000000576c9800 Uncommon trap: reason=unstable_if action=reinterpret pc=0x00000000033e1920 method=java.lang.Integer.valueOf(I)Ljava/lang/Integer; @ 3
Event: 79.942 Thread 0x00000000576c9800 Uncommon trap: reason=bimorphic action=maybe_recompile pc=0x0000000003603ed4 method=java.security.MessageDigest$Delegate.engineUpdate([BII)V @ 7
Event: 79.942 Thread 0x00000000576c9800 Uncommon trap: reason=bimorphic action=maybe_recompile pc=0x0000000003603ed4 method=java.security.MessageDigest$Delegate.engineUpdate([BII)V @ 7
Event: 81.036 Thread 0x0000000055201800 Uncommon trap: reason=unstable_if action=reinterpret pc=0x00000000030dfbac method=java.lang.ref.Reference.tryHandlePending(Z)Z @ 20
Event: 81.212 Thread 0x00000000576c9800 Uncommon trap: reason=unstable_if action=reinterpret pc=0x0000000002dfa044 method=java.lang.ref.ReferenceQueue.poll()Ljava/lang/ref/Reference; @ 4
Event: 81.581 Thread 0x00000000576c9800 Uncommon trap: reason=unstable_if action=reinterpret pc=0x00000000032e9918 method=java.util.HashMap.putVal(ILjava/lang/Object;Ljava/lang/Object;ZZ)Ljava/lang/Object; @ 162
Event: 81.581 Thread 0x00000000576c9800 Uncommon trap: reason=unstable_if action=reinterpret pc=0x00000000032eabd8 method=java.util.HashMap.putVal(ILjava/lang/Object;Ljava/lang/Object;ZZ)Ljava/lang/Object; @ 162
Event: 81.581 Thread 0x00000000576c9800 Uncommon trap: reason=unstable_if action=reinterpret pc=0x0000000002ce6100 method=java.util.HashMap.resize()[Ljava/util/HashMap$Node; @ 206

Internal exceptions (10 events):
Event: 78.623 Thread 0x00000000576c9800 Exception <a 'java/lang/ClassNotFoundException': groovy/lang/GroovyObjectBeanInfo> (0x00000000f00359d8) thrown at [C:\src\android\AOSP-openjdk\external\jetbrains\jdk\hotspot\src\share\vm\classfile\systemDictionary.cpp, line 210]
Event: 78.625 Thread 0x00000000576c9800 Exception <a 'java/lang/ClassNotFoundException': groovy/lang/GroovyObjectCustomizer> (0x00000000f00543e0) thrown at [C:\src\android\AOSP-openjdk\external\jetbrains\jdk\hotspot\src\share\vm\classfile\systemDictionary.cpp, line 210]
Event: 78.627 Thread 0x00000000576c9800 Exception <a 'java/lang/ClassNotFoundException': org/gradle/api/ScriptBeanInfo> (0x00000000f00819d8) thrown at [C:\src\android\AOSP-openjdk\external\jetbrains\jdk\hotspot\src\share\vm\classfile\systemDictionary.cpp, line 210]
Event: 78.628 Thread 0x00000000576c9800 Exception <a 'java/lang/ClassNotFoundException': org/gradle/api/ScriptCustomizer> (0x00000000f009f4f8) thrown at [C:\src\android\AOSP-openjdk\external\jetbrains\jdk\hotspot\src\share\vm\classfile\systemDictionary.cpp, line 210]
Event: 78.634 Thread 0x00000000576c9800 Exception <a 'java/lang/ClassNotFoundException': org/gradle/api/internal/file/FileOperationsBeanInfo> (0x00000000f00e85c8) thrown at [C:\src\android\AOSP-openjdk\external\jetbrains\jdk\hotspot\src\share\vm\classfile\systemDictionary.cpp, line 210]
Event: 78.635 Thread 0x00000000576c9800 Exception <a 'java/lang/ClassNotFoundException': org/gradle/api/internal/file/FileOperationsCustomizer> (0x00000000f0110d78) thrown at [C:\src\android\AOSP-openjdk\external\jetbrains\jdk\hotspot\src\share\vm\classfile\systemDictionary.cpp, line 210]
Event: 78.638 Thread 0x00000000576c9800 Exception <a 'java/lang/ClassNotFoundException': org/gradle/api/internal/ProcessOperationsBeanInfo> (0x00000000f01547c8) thrown at [C:\src\android\AOSP-openjdk\external\jetbrains\jdk\hotspot\src\share\vm\classfile\systemDictionary.cpp, line 210]
Event: 78.639 Thread 0x00000000576c9800 Exception <a 'java/lang/ClassNotFoundException': org/gradle/api/internal/ProcessOperationsCustomizer> (0x00000000f017c4e0) thrown at [C:\src\android\AOSP-openjdk\external\jetbrains\jdk\hotspot\src\share\vm\classfile\systemDictionary.cpp, line 210]
Event: 78.734 Thread 0x00000000576c9800 Exception <a 'java/lang/ClassNotFoundException': build_8rh1p2ntsvo16cjv0e83dm9t4BeanInfo> (0x00000000f0218b80) thrown at [C:\src\android\AOSP-openjdk\external\jetbrains\jdk\hotspot\src\share\vm\classfile\systemDictionary.cpp, line 210]
Event: 78.735 Thread 0x00000000576c9800 Exception <a 'java/lang/ClassNotFoundException': build_8rh1p2ntsvo16cjv0e83dm9t4Customizer> (0x00000000f0229178) thrown at [C:\src\android\AOSP-openjdk\external\jetbrains\jdk\hotspot\src\share\vm\classfile\systemDictionary.cpp, line 210]

Events (10 events):
Event: 81.972 loading class org/gradle/api/internal/tasks/DefaultSourceSetContainer$1
Event: 81.972 loading class org/gradle/api/internal/tasks/DefaultSourceSetContainer$1 done
Event: 81.991 loading class org/gradle/api/tasks/compile/AbstractCompile
Event: 81.991 loading class org/gradle/api/tasks/compile/AbstractCompile done
Event: 82.054 loading class org/gradle/api/tasks/SourceTask
Event: 82.054 loading class org/gradle/api/tasks/SourceTask done
Event: 82.070 loading class org/gradle/api/plugins/JavaBasePlugin$9
Event: 82.070 loading class org/gradle/api/plugins/JavaBasePlugin$9 done
Event: 82.072 loading class org/gradle/api/tasks/compile/JavaCompile
Event: 82.072 loading class org/gradle/api/tasks/compile/JavaCompile done


Dynamic libraries:
0x000000013f9e0000 - 0x000000013fa11000 	C:\Program Files\Android\Android Studio\jre\bin\java.exe
0x00000000777a0000 - 0x000000007794a000 	C:\Windows\SYSTEM32\ntdll.dll
0x0000000077580000 - 0x000000007769f000 	C:\Windows\system32\kernel32.dll
0x000007fefd760000 - 0x000007fefd7ca000 	C:\Windows\system32\KERNELBASE.dll
0x000007feff870000 - 0x000007feff94b000 	C:\Windows\system32\ADVAPI32.dll
0x000007feff2c0000 - 0x000007feff35f000 	C:\Windows\system32\msvcrt.dll
0x000007fefee80000 - 0x000007fefee9f000 	C:\Windows\SYSTEM32\sechost.dll
0x000007fefeaa0000 - 0x000007fefebcd000 	C:\Windows\system32\RPCRT4.dll
0x00000000776a0000 - 0x000000007779a000 	C:\Windows\system32\USER32.dll
0x000007feffa40000 - 0x000007feffaa7000 	C:\Windows\system32\GDI32.dll
0x000007feff950000 - 0x000007feff95e000 	C:\Windows\system32\LPK.dll
0x000007fefebd0000 - 0x000007fefec9a000 	C:\Windows\system32\USP10.dll
0x000007fefbab0000 - 0x000007fefbca4000 	C:\Windows\WinSxS\amd64_microsoft.windows.common-controls_6595b64144ccf1df_6.0.7601.18837_none_fa3b1e3d17594757\COMCTL32.dll
0x000007fefeea0000 - 0x000007fefef11000 	C:\Windows\system32\SHLWAPI.dll
0x000007feff840000 - 0x000007feff86e000 	C:\Windows\system32\IMM32.DLL
0x000007fefe740000 - 0x000007fefe849000 	C:\Windows\system32\MSCTF.dll
0x000000005ab20000 - 0x000000005abf2000 	C:\Program Files\Android\Android Studio\jre\jre\bin\msvcr100.dll
0x000000005ac00000 - 0x000000005b434000 	C:\Program Files\Android\Android Studio\jre\jre\bin\server\jvm.dll
0x000007fef8190000 - 0x000007fef8199000 	C:\Windows\system32\WSOCK32.dll
0x000007fefe850000 - 0x000007fefe89d000 	C:\Windows\system32\WS2_32.dll
0x000007feff2b0000 - 0x000007feff2b8000 	C:\Windows\system32\NSI.dll
0x000007fefbcc0000 - 0x000007fefbcfb000 	C:\Windows\system32\WINMM.dll
0x000007fefc520000 - 0x000007fefc52c000 	C:\Windows\system32\VERSION.dll
0x0000000077960000 - 0x0000000077967000 	C:\Windows\system32\PSAPI.DLL
0x000007fefbf90000 - 0x000007fefbf9f000 	C:\Program Files\Android\Android Studio\jre\jre\bin\verify.dll
0x000007fef96f0000 - 0x000007fef9719000 	C:\Program Files\Android\Android Studio\jre\jre\bin\java.dll
0x000007fef9630000 - 0x000007fef9646000 	C:\Program Files\Android\Android Studio\jre\jre\bin\zip.dll
0x000007fefd850000 - 0x000007fefe5da000 	C:\Windows\system32\SHELL32.dll
0x000007fefe8a0000 - 0x000007fefea9c000 	C:\Windows\system32\ole32.dll
0x000007fefd4a0000 - 0x000007fefd4af000 	C:\Windows\system32\profapi.dll
0x000007fef95e0000 - 0x000007fef95fa000 	C:\Program Files\Android\Android Studio\jre\jre\bin\net.dll
0x000007fefcc60000 - 0x000007fefccb5000 	C:\Windows\system32\mswsock.dll
0x000007fefcc50000 - 0x000007fefcc57000 	C:\Windows\System32\wship6.dll
0x000007fef6c80000 - 0x000007fef6c91000 	C:\Program Files\Android\Android Studio\jre\jre\bin\nio.dll
0x000007fef6a70000 - 0x000007fef6a8e000 	C:\Users\Quan\.gradle\native\23\windows-amd64\native-platform.dll
0x000007fefccc0000 - 0x000007fefccd8000 	C:\Windows\system32\CRYPTSP.dll
0x000007fefc9c0000 - 0x000007fefca07000 	C:\Windows\system32\rsaenh.dll
0x000007fefd740000 - 0x000007fefd75e000 	C:\Windows\system32\USERENV.dll
0x000007fefd330000 - 0x000007fefd33f000 	C:\Windows\system32\CRYPTBASE.dll
0x000007fefb790000 - 0x000007fefb7b7000 	C:\Windows\system32\IPHLPAPI.DLL
0x000007fefb780000 - 0x000007fefb78b000 	C:\Windows\system32\WINNSI.DLL
0x000007fefb580000 - 0x000007fefb598000 	C:\Windows\system32\dhcpcsvc.DLL
0x000007fefb3f0000 - 0x000007fefb401000 	C:\Windows\system32\dhcpcsvc6.DLL
0x000007fef6c40000 - 0x000007fef6c4d000 	C:\Program Files\Android\Android Studio\jre\jre\bin\management.dll
0x000007fefd2d0000 - 0x000007fefd327000 	C:\Windows\system32\apphelp.dll

VM Arguments:
jvm_args: -XX:MaxPermSize=256m -XX:+HeapDumpOnOutOfMemoryError -Xmx1024m -Dfile.encoding=windows-1252 -Duser.country=US -Duser.language=en -Duser.variant 
java_command: org.gradle.launcher.daemon.bootstrap.GradleDaemon 3.3
java_class_path (initial): C:\Users\Quan\.gradle\wrapper\dists\gradle-3.3-all\55gk2rcmfc6p2dg9u9ohc3hw9\gradle-3.3\lib\gradle-launcher-3.3.jar
Launcher Type: SUN_STANDARD

Environment Variables:
PATH=C:\msys64\usr\local\bin;C:\msys64\usr\bin;C:\msys64\usr\bin;C:\msys64\opt\bin;C:\ProgramData\Oracle\Java\javapath;C:\Program Files\Common Files\Microsoft Shared\Windows Live;C:\Program Files (x86)\Common Files\Microsoft Shared\Windows Live;C:\Windows\system32;C:\Windows;C:\Windows\System32\Wbem;C:\Windows\System32\WindowsPowerShell\v1.0;C:\Program Files\Intel\WiFi\bin;C:\Program Files\Common Files\Intel\WirelessCommon;C:\Program Files (x86)\Intel\Services\IPT;C:\Program Files (x86)\Windows Live\Shared;C:\Program Files (x86)\Microsoft SQL Server\100\Tools\Binn;C:\Program Files (x86)\Microsoft SQL Server\100\DTS\Binn;C:\Program Files\MATLAB\R2014b\runtime\win64;C:\Program Files\MATLAB\R2014b\bin;C:\Users\Quan\microblog\flask\Scripts\python.exe;C:\C;C:\msys64\Python27\Scripts;C:\Program Files\SublimeText2\sublime_text.exe;C:\MinGW\bin;C:\Program Files\TortoiseHg;C:\Program Files\nodejs;C:\Program Files (x86)\GtkSharp\2.12\bin;C:\Users\Quan\Desktop\EE271\modelsim_ase\win32aloem;C:\iverilog\bin;C:\iverilog\gtkwave\bin;C:\Users\Quan\AppData\Local\atom\bin;C:\Octave\Octave3.6.4_gcc4.6.2\bin;C:\Users\Quan\AppData\Roaming\npm;C:\Program Files\MongoDB\Server\3.2\bin;C:\Program Files\Java\jdk1.8.0_20\bin;C:\Python34;C:\Python34\Scripts;C:\Program Files\Android\Android Studio\bin;C:\Users\Quan\SQLite3;C:\msys64\usr\bin\site_perl;C:\msys64\usr\bin\vendor_perl;C:\msys64\usr\bin\core_perl
USERNAME=Quan
SHELL=C:/msys64/usr/bin/bash
OS=Windows_NT
PROCESSOR_IDENTIFIER=Intel64 Family 6 Model 42 Stepping 7, GenuineIntel



---------------  S Y S T E M  ---------------

OS: Windows 7 , 64 bit Build 7601 (6.1.7601.23796)

CPU:total 4 (2 cores per cpu, 2 threads per core) family 6 model 42 stepping 7, cmov, cx8, fxsr, mmx, sse, sse2, sse3, ssse3, sse4.1, sse4.2, popcnt, avx, aes, clmul, ht, tsc, tscinvbit

Memory: 4k page, physical 4078252k(7124k free), swap 7894600k(5116k free)

vm_info: OpenJDK 64-Bit Server VM (25.76-b03) for windows-amd64 JRE (1.8.0_76-release-b03), built on Jun 29 2016 19:09:20 by "ralucas" with MS VC++ 10.0 (VS2010)

time: Tue May 16 17:31:19 2017
elapsed time: 82 seconds (0d 0h 1m 22s)

